This is pdfTeX, Version 3.141592653-2.6-1.40.26 (TeX Live 2024) (preloaded format=pdflatex 2025.3.3)  10 JAN 2026 20:36
entering extended mode
 restricted \write18 enabled.
 file:line:error style messages enabled.
 %&-line parsing enabled.
**proyecto.tex
(./proyecto.tex
LaTeX2e <2023-11-01> patch level 1
L3 programming layer <2024-02-20>
(/usr/local/texlive/2024/texmf-dist/tex/latex/base/book.cls
Document Class: book 2023/05/17 v1.4n Standard LaTeX document class
(/usr/local/texlive/2024/texmf-dist/tex/latex/base/bk10.clo
File: bk10.clo 2023/05/17 v1.4n Standard LaTeX file (size option)
)
\c@part=\count188
\c@chapter=\count189
\c@section=\count190
\c@subsection=\count191
\c@subsubsection=\count192
\c@paragraph=\count193
\c@subparagraph=\count194
\c@figure=\count195
\c@table=\count196
\abovecaptionskip=\skip48
\belowcaptionskip=\skip49
\bibindent=\dimen140
)
(./cdt/cdtUsecases.sty (./cdt/cdtRequerimientos.sty (./cdt/cdtBook.sty
Package: cdt/cdtBook 2010/05/30, v1.0 CDT-ESCOM-IPN Plantilla para reportes de 
la Coordinación

(/usr/local/texlive/2024/texmf-dist/tex/latex/base/inputenc.sty
Package: inputenc 2021/02/14 v1.3d Input encoding file
\inpenc@prehook=\toks17
\inpenc@posthook=\toks18
)
(/usr/local/texlive/2024/texmf-dist/tex/generic/babel/babel.sty
Package: babel 2024/02/07 v24.2 The Babel package
\babel@savecnt=\count197
\U@D=\dimen141
\l@unhyphenated=\language89

(/usr/local/texlive/2024/texmf-dist/tex/generic/babel/txtbabel.def)
\bbl@readstream=\read2
\bbl@dirlevel=\count198

(/usr/local/texlive/2024/texmf-dist/tex/generic/babel-spanish/spanish.ldf
Language: spanish.ldf 2021/05/27 v5.0q Spanish support from the babel system
\es@quottoks=\toks19
\es@quotdepth=\count199
Package babel Info: Making " an active character on input line 570.
Package babel Info: Making . an active character on input line 675.
Package babel Info: Making < an active character on input line 722.
Package babel Info: Making > an active character on input line 722.
))
(/usr/local/texlive/2024/texmf-dist/tex/generic/babel/locale/es/babel-spanish.t
ex
Package babel Info: Importing font and identification data for spanish
(babel)             from babel-es.ini. Reported on input line 11.
) (/usr/local/texlive/2024/texmf-dist/tex/latex/cmbright/cmbright.sty
Package: cmbright 2005/04/13 v8.1 (WaS)
LaTeX Font Info:    Redeclaring symbol font `operators' on input line 29.
LaTeX Font Info:    Overwriting symbol font `operators' in version `normal'
(Font)                  OT1/cmr/m/n --> OT1/cmbr/m/n on input line 29.
LaTeX Font Info:    Overwriting symbol font `operators' in version `bold'
(Font)                  OT1/cmr/bx/n --> OT1/cmbr/m/n on input line 29.
LaTeX Font Info:    Redeclaring symbol font `letters' on input line 30.
LaTeX Font Info:    Overwriting symbol font `letters' in version `normal'
(Font)                  OML/cmm/m/it --> OML/cmbrm/m/it on input line 30.
LaTeX Font Info:    Overwriting symbol font `letters' in version `bold'
(Font)                  OML/cmm/b/it --> OML/cmbrm/m/it on input line 30.
LaTeX Font Info:    Overwriting symbol font `letters' in version `bold'
(Font)                  OML/cmbrm/m/it --> OML/cmbrm/b/it on input line 31.
LaTeX Font Info:    Redeclaring symbol font `symbols' on input line 32.
LaTeX Font Info:    Overwriting symbol font `symbols' in version `normal'
(Font)                  OMS/cmsy/m/n --> OMS/cmbrs/m/n on input line 32.
LaTeX Font Info:    Overwriting symbol font `symbols' in version `bold'
(Font)                  OMS/cmsy/b/n --> OMS/cmbrs/m/n on input line 32.
LaTeX Font Info:    Redeclaring math alphabet \mathit on input line 33.
LaTeX Font Info:    Overwriting math alphabet `\mathit' in version `normal'
(Font)                  OT1/cmr/m/it --> OT1/cmbr/m/sl on input line 33.
LaTeX Font Info:    Overwriting math alphabet `\mathit' in version `bold'
(Font)                  OT1/cmr/bx/it --> OT1/cmbr/m/sl on input line 33.
LaTeX Font Info:    Redeclaring math alphabet \mathbf on input line 34.
LaTeX Font Info:    Overwriting math alphabet `\mathbf' in version `normal'
(Font)                  OT1/cmr/bx/n --> OT1/cmbr/bx/n on input line 34.
LaTeX Font Info:    Overwriting math alphabet `\mathbf' in version `bold'
(Font)                  OT1/cmr/bx/n --> OT1/cmbr/bx/n on input line 34.
LaTeX Font Info:    Redeclaring math alphabet \mathtt on input line 35.
LaTeX Font Info:    Overwriting math alphabet `\mathtt' in version `normal'
(Font)                  OT1/cmtt/m/n --> OT1/cmtl/m/n on input line 35.
LaTeX Font Info:    Overwriting math alphabet `\mathtt' in version `bold'
(Font)                  OT1/cmtt/m/n --> OT1/cmtl/m/n on input line 35.
LaTeX Font Info:    Redeclaring math symbol \alpha on input line 37.
LaTeX Font Info:    Redeclaring math symbol \beta on input line 38.
LaTeX Font Info:    Redeclaring math symbol \gamma on input line 39.
LaTeX Font Info:    Redeclaring math symbol \delta on input line 40.
LaTeX Font Info:    Redeclaring math symbol \epsilon on input line 41.
LaTeX Font Info:    Redeclaring math symbol \zeta on input line 42.
LaTeX Font Info:    Redeclaring math symbol \eta on input line 43.
LaTeX Font Info:    Redeclaring math symbol \theta on input line 44.
LaTeX Font Info:    Redeclaring math symbol \iota on input line 45.
LaTeX Font Info:    Redeclaring math symbol \kappa on input line 46.
LaTeX Font Info:    Redeclaring math symbol \lambda on input line 47.
LaTeX Font Info:    Redeclaring math symbol \mu on input line 48.
LaTeX Font Info:    Redeclaring math symbol \nu on input line 49.
LaTeX Font Info:    Redeclaring math symbol \xi on input line 50.
LaTeX Font Info:    Redeclaring math symbol \pi on input line 51.
LaTeX Font Info:    Redeclaring math symbol \rho on input line 52.
LaTeX Font Info:    Redeclaring math symbol \sigma on input line 53.
LaTeX Font Info:    Redeclaring math symbol \tau on input line 54.
LaTeX Font Info:    Redeclaring math symbol \upsilon on input line 55.
LaTeX Font Info:    Redeclaring math symbol \phi on input line 56.
LaTeX Font Info:    Redeclaring math symbol \chi on input line 57.
LaTeX Font Info:    Redeclaring math symbol \psi on input line 58.
LaTeX Font Info:    Redeclaring math symbol \omega on input line 59.
LaTeX Font Info:    Redeclaring math symbol \varepsilon on input line 60.
LaTeX Font Info:    Redeclaring math symbol \vartheta on input line 61.
LaTeX Font Info:    Redeclaring math symbol \varpi on input line 62.
LaTeX Font Info:    Redeclaring math symbol \varrho on input line 63.
LaTeX Font Info:    Redeclaring math symbol \varsigma on input line 64.
LaTeX Font Info:    Redeclaring math symbol \varphi on input line 65.
LaTeX Info: Redefining \LaTeX on input line 129.
LaTeX Info: Redefining \LaTeXe on input line 139.
LaTeX Font Info:    Trying to load font information for OT1+cmbr on input line 
144.

(/usr/local/texlive/2024/texmf-dist/tex/latex/cmbright/ot1cmbr.fd
File: ot1cmbr.fd 2005/04/13 v8.1 (WaS)
))
(/usr/local/texlive/2024/texmf-dist/tex/latex/graphics/graphicx.sty
Package: graphicx 2021/09/16 v1.2d Enhanced LaTeX Graphics (DPC,SPQR)

(/usr/local/texlive/2024/texmf-dist/tex/latex/graphics/keyval.sty
Package: keyval 2022/05/29 v1.15 key=value parser (DPC)
\KV@toks@=\toks20
)
(/usr/local/texlive/2024/texmf-dist/tex/latex/graphics/graphics.sty
Package: graphics 2022/03/10 v1.4e Standard LaTeX Graphics (DPC,SPQR)

(/usr/local/texlive/2024/texmf-dist/tex/latex/graphics/trig.sty
Package: trig 2021/08/11 v1.11 sin cos tan (DPC)
)
(/usr/local/texlive/2024/texmf-dist/tex/latex/graphics-cfg/graphics.cfg
File: graphics.cfg 2016/06/04 v1.11 sample graphics configuration
)
Package graphics Info: Driver file: pdftex.def on input line 107.

(/usr/local/texlive/2024/texmf-dist/tex/latex/graphics-def/pdftex.def
File: pdftex.def 2022/09/22 v1.2b Graphics/color driver for pdftex
))
\Gin@req@height=\dimen142
\Gin@req@width=\dimen143
)
(/usr/local/texlive/2024/texmf-dist/tex/latex/graphics/color.sty
Package: color 2022/01/06 v1.3d Standard LaTeX Color (DPC)

(/usr/local/texlive/2024/texmf-dist/tex/latex/graphics-cfg/color.cfg
File: color.cfg 2016/01/02 v1.6 sample color configuration
)
Package color Info: Driver file: pdftex.def on input line 149.

(/usr/local/texlive/2024/texmf-dist/tex/latex/graphics/dvipsnam.def
File: dvipsnam.def 2016/06/17 v3.0m Driver-dependent file (DPC,SPQR)
)
(/usr/local/texlive/2024/texmf-dist/tex/latex/graphics/mathcolor.ltx))
(/usr/local/texlive/2024/texmf-dist/tex/latex/wallpaper/wallpaper.sty
Package: wallpaper 2005/01/18, v1.01 easy wallpaper formatting (MHFW)

(/usr/local/texlive/2024/texmf-dist/tex/latex/base/ifthen.sty
Package: ifthen 2022/04/13 v1.1d Standard LaTeX ifthen package (DPC)
)
(/usr/local/texlive/2024/texmf-dist/tex/latex/tools/calc.sty
Package: calc 2023/07/08 v4.3 Infix arithmetic (KKT,FJ)
\calc@Acount=\count266
\calc@Bcount=\count267
\calc@Adimen=\dimen144
\calc@Bdimen=\dimen145
\calc@Askip=\skip50
\calc@Bskip=\skip51
LaTeX Info: Redefining \setlength on input line 80.
LaTeX Info: Redefining \addtolength on input line 81.
\calc@Ccount=\count268
\calc@Cskip=\skip52
)
(/usr/local/texlive/2024/texmf-dist/tex/latex/eso-pic/eso-pic.sty
Package: eso-pic 2023/05/03 v3.0c eso-pic (RN)
\ESO@tempdima=\dimen146
\ESO@tempdimb=\dimen147
)
\wpXoffset=\skip53
\wpYoffset=\skip54
\tileXoffset=\skip55
\tileYoffset=\skip56
\tilewidth=\skip57
\tileheight=\skip58
\tileX=\skip59
\tileY=\skip60
)
(/usr/local/texlive/2024/texmf-dist/tex/latex/fancyhdr/fancyhdr.sty
Package: fancyhdr 2022/11/09 v4.1 Extensive control of page headers and footers

\f@nch@headwidth=\skip61
\f@nch@O@elh=\skip62
\f@nch@O@erh=\skip63
\f@nch@O@olh=\skip64
\f@nch@O@orh=\skip65
\f@nch@O@elf=\skip66
\f@nch@O@erf=\skip67
\f@nch@O@olf=\skip68
\f@nch@O@orf=\skip69
)
(/usr/local/texlive/2024/texmf-dist/tex/latex/geometry/geometry.sty
Package: geometry 2020/01/02 v5.9 Page Geometry

(/usr/local/texlive/2024/texmf-dist/tex/generic/iftex/ifvtex.sty
Package: ifvtex 2019/10/25 v1.7 ifvtex legacy package. Use iftex instead.

(/usr/local/texlive/2024/texmf-dist/tex/generic/iftex/iftex.sty
Package: iftex 2022/02/03 v1.0f TeX engine tests
))
\Gm@cnth=\count269
\Gm@cntv=\count270
\c@Gm@tempcnt=\count271
\Gm@bindingoffset=\dimen148
\Gm@wd@mp=\dimen149
\Gm@odd@mp=\dimen150
\Gm@even@mp=\dimen151
\Gm@layoutwidth=\dimen152
\Gm@layoutheight=\dimen153
\Gm@layouthoffset=\dimen154
\Gm@layoutvoffset=\dimen155
\Gm@dimlist=\toks21
)
(/usr/local/texlive/2024/texmf-dist/tex/latex/fncychap/fncychap.sty
Package: fncychap 2007/07/30 v1.34 LaTeX package (Revised chapters)
\RW=\skip70
\mylen=\skip71
\myhi=\skip72
\px=\skip73
\py=\skip74
\pyy=\skip75
\pxx=\skip76
)
(/usr/local/texlive/2024/texmf-dist/tex/latex/marvosym/marvosym.sty
Package: marvosym 2011/07/20 v2.2 Martin Vogel's Symbols font definitions
))
(/usr/local/texlive/2024/texmf-dist/tex/latex/tools/longtable.sty
Package: longtable 2023-11-01 v4.19 Multi-page Table package (DPC)
\LTleft=\skip77
\LTright=\skip78
\LTpre=\skip79
\LTpost=\skip80
\LTchunksize=\count272
\LTcapwidth=\dimen156
\LT@head=\box51
\LT@firsthead=\box52
\LT@foot=\box53
\LT@lastfoot=\box54
\LT@gbox=\box55
\LT@cols=\count273
\LT@rows=\count274
\c@LT@tables=\count275
\c@LT@chunks=\count276
\LT@p@ftn=\toks22
)
(/usr/local/texlive/2024/texmf-dist/tex/latex/hyperref/hyperref.sty
Package: hyperref 2024-01-20 v7.01h Hypertext links for LaTeX

(/usr/local/texlive/2024/texmf-dist/tex/latex/kvsetkeys/kvsetkeys.sty
Package: kvsetkeys 2022-10-05 v1.19 Key value parser (HO)
)
(/usr/local/texlive/2024/texmf-dist/tex/generic/kvdefinekeys/kvdefinekeys.sty
Package: kvdefinekeys 2019-12-19 v1.6 Define keys (HO)
)
(/usr/local/texlive/2024/texmf-dist/tex/generic/pdfescape/pdfescape.sty
Package: pdfescape 2019/12/09 v1.15 Implements pdfTeX's escape features (HO)

(/usr/local/texlive/2024/texmf-dist/tex/generic/ltxcmds/ltxcmds.sty
Package: ltxcmds 2023-12-04 v1.26 LaTeX kernel commands for general use (HO)
)
(/usr/local/texlive/2024/texmf-dist/tex/generic/pdftexcmds/pdftexcmds.sty
Package: pdftexcmds 2020-06-27 v0.33 Utility functions of pdfTeX for LuaTeX (HO
)

(/usr/local/texlive/2024/texmf-dist/tex/generic/infwarerr/infwarerr.sty
Package: infwarerr 2019/12/03 v1.5 Providing info/warning/error messages (HO)
)
Package pdftexcmds Info: \pdf@primitive is available.
Package pdftexcmds Info: \pdf@ifprimitive is available.
Package pdftexcmds Info: \pdfdraftmode found.
))
(/usr/local/texlive/2024/texmf-dist/tex/latex/hycolor/hycolor.sty
Package: hycolor 2020-01-27 v1.10 Color options for hyperref/bookmark (HO)
)
(/usr/local/texlive/2024/texmf-dist/tex/latex/auxhook/auxhook.sty
Package: auxhook 2019-12-17 v1.6 Hooks for auxiliary files (HO)
)
(/usr/local/texlive/2024/texmf-dist/tex/latex/hyperref/nameref.sty
Package: nameref 2023-11-26 v2.56 Cross-referencing by name of section

(/usr/local/texlive/2024/texmf-dist/tex/latex/refcount/refcount.sty
Package: refcount 2019/12/15 v3.6 Data extraction from label references (HO)
)
(/usr/local/texlive/2024/texmf-dist/tex/generic/gettitlestring/gettitlestring.s
ty
Package: gettitlestring 2019/12/15 v1.6 Cleanup title references (HO)
 (/usr/local/texlive/2024/texmf-dist/tex/latex/kvoptions/kvoptions.sty
Package: kvoptions 2022-06-15 v3.15 Key value format for package options (HO)
))
\c@section@level=\count277
)
(/usr/local/texlive/2024/texmf-dist/tex/latex/etoolbox/etoolbox.sty
Package: etoolbox 2020/10/05 v2.5k e-TeX tools for LaTeX (JAW)
\etb@tempcnta=\count278
)
\@linkdim=\dimen157
\Hy@linkcounter=\count279
\Hy@pagecounter=\count280

(/usr/local/texlive/2024/texmf-dist/tex/latex/hyperref/pd1enc.def
File: pd1enc.def 2024-01-20 v7.01h Hyperref: PDFDocEncoding definition (HO)
Now handling font encoding PD1 ...
... no UTF-8 mapping file for font encoding PD1
)
(/usr/local/texlive/2024/texmf-dist/tex/generic/intcalc/intcalc.sty
Package: intcalc 2019/12/15 v1.3 Expandable calculations with integers (HO)
)
\Hy@SavedSpaceFactor=\count281

(/usr/local/texlive/2024/texmf-dist/tex/latex/hyperref/puenc.def
File: puenc.def 2024-01-20 v7.01h Hyperref: PDF Unicode definition (HO)
Now handling font encoding PU ...
... no UTF-8 mapping file for font encoding PU
)
Package hyperref Info: Option `bookmarks' set `true' on input line 4062.
Package hyperref Info: Option `colorlinks' set `true' on input line 4062.
Package hyperref Info: Hyper figures OFF on input line 4179.
Package hyperref Info: Link nesting OFF on input line 4184.
Package hyperref Info: Hyper index ON on input line 4187.
Package hyperref Info: Plain pages OFF on input line 4194.
Package hyperref Info: Backreferencing OFF on input line 4199.
Package hyperref Info: Implicit mode ON; LaTeX internals redefined.
Package hyperref Info: Bookmarks ON on input line 4446.
\c@Hy@tempcnt=\count282

(/usr/local/texlive/2024/texmf-dist/tex/latex/url/url.sty
\Urlmuskip=\muskip16
Package: url 2013/09/16  ver 3.4  Verb mode for urls, etc.
)
LaTeX Info: Redefining \url on input line 4784.
\XeTeXLinkMargin=\dimen158

(/usr/local/texlive/2024/texmf-dist/tex/generic/bitset/bitset.sty
Package: bitset 2019/12/09 v1.3 Handle bit-vector datatype (HO)

(/usr/local/texlive/2024/texmf-dist/tex/generic/bigintcalc/bigintcalc.sty
Package: bigintcalc 2019/12/15 v1.5 Expandable calculations on big integers (HO
)
))
\Fld@menulength=\count283
\Field@Width=\dimen159
\Fld@charsize=\dimen160
Package hyperref Info: Hyper figures OFF on input line 6063.
Package hyperref Info: Link nesting OFF on input line 6068.
Package hyperref Info: Hyper index ON on input line 6071.
Package hyperref Info: backreferencing OFF on input line 6078.
Package hyperref Info: Link coloring ON on input line 6081.
Package hyperref Info: Link coloring with OCG OFF on input line 6088.
Package hyperref Info: PDF/A mode OFF on input line 6093.

(/usr/local/texlive/2024/texmf-dist/tex/latex/base/atbegshi-ltx.sty
Package: atbegshi-ltx 2021/01/10 v1.0c Emulation of the original atbegshi
package with kernel methods
)
\Hy@abspage=\count284
\c@Item=\count285
\c@Hfootnote=\count286
)
Package hyperref Info: Driver: hpdftex.

(/usr/local/texlive/2024/texmf-dist/tex/latex/hyperref/hpdftex.def
File: hpdftex.def 2024-01-20 v7.01h Hyperref driver for pdfTeX

(/usr/local/texlive/2024/texmf-dist/tex/latex/base/atveryend-ltx.sty
Package: atveryend-ltx 2020/08/19 v1.0a Emulation of the original atveryend pac
kage
with kernel methods
)
\Fld@listcount=\count287
\c@bookmark@seq@number=\count288

(/usr/local/texlive/2024/texmf-dist/tex/latex/rerunfilecheck/rerunfilecheck.sty
Package: rerunfilecheck 2022-07-10 v1.10 Rerun checks for auxiliary files (HO)

(/usr/local/texlive/2024/texmf-dist/tex/generic/uniquecounter/uniquecounter.sty
Package: uniquecounter 2019/12/15 v1.4 Provide unlimited unique counter (HO)
)
Package uniquecounter Info: New unique counter `rerunfilecheck' on input line 2
85.
)
\Hy@SectionHShift=\skip81
) (/usr/local/texlive/2024/texmf-dist/tex/latex/amsfonts/amssymb.sty
Package: amssymb 2013/01/14 v3.01 AMS font symbols

(/usr/local/texlive/2024/texmf-dist/tex/latex/amsfonts/amsfonts.sty
Package: amsfonts 2013/01/14 v3.01 Basic AMSFonts support
\@emptytoks=\toks23
\symAMSa=\mathgroup4
\symAMSb=\mathgroup5
LaTeX Font Info:    Redeclaring math symbol \hbar on input line 98.
LaTeX Font Info:    Overwriting math alphabet `\mathfrak' in version `bold'
(Font)                  U/euf/m/n --> U/euf/b/n on input line 106.
))
(/usr/local/texlive/2024/texmf-dist/tex/latex/colortbl/colortbl.sty
Package: colortbl 2024/02/20 v1.0g Color table columns (DPC)

(/usr/local/texlive/2024/texmf-dist/tex/latex/tools/array.sty
Package: array 2023/10/16 v2.5g Tabular extension package (FMi)
\col@sep=\dimen161
\ar@mcellbox=\box56
\extrarowheight=\dimen162
\NC@list=\toks24
\extratabsurround=\skip82
\backup@length=\skip83
\ar@cellbox=\box57
)
\everycr=\toks25
\minrowclearance=\skip84
\rownum=\count289
)
(/usr/local/texlive/2024/texmf-dist/tex/latex/multirow/multirow.sty
Package: multirow 2021/03/15 v2.8 Span multiple rows of a table
\multirow@colwidth=\skip85
\multirow@cntb=\count290
\multirow@dima=\skip86
\bigstrutjot=\dimen163
))
(/usr/local/texlive/2024/texmf-dist/tex/latex/chapterfolder/chapterfolder.sty
Package: chapterfolder 2005/11/24 v2.0 Package for dealing with folder
\c@@cf@currentpos=\count291
)
(/usr/local/texlive/2024/texmf-dist/tex/latex/listings/listings.sty
\lst@mode=\count292
\lst@gtempboxa=\box58
\lst@token=\toks26
\lst@length=\count293
\lst@currlwidth=\dimen164
\lst@column=\count294
\lst@pos=\count295
\lst@lostspace=\dimen165
\lst@width=\dimen166
\lst@newlines=\count296
\lst@lineno=\count297
\lst@maxwidth=\dimen167

(/usr/local/texlive/2024/texmf-dist/tex/latex/listings/lstpatch.sty
File: lstpatch.sty 2024/02/21 1.10 (Carsten Heinz)
)
(/usr/local/texlive/2024/texmf-dist/tex/latex/listings/lstmisc.sty
File: lstmisc.sty 2024/02/21 1.10 (Carsten Heinz)
\c@lstnumber=\count298
\lst@skipnumbers=\count299
\lst@framebox=\box59
)
(/usr/local/texlive/2024/texmf-dist/tex/latex/listings/listings.cfg
File: listings.cfg 2024/02/21 1.10 listings configuration
))
Package: listings 2024/02/21 1.10 (Carsten Heinz)

(/usr/local/texlive/2024/texmf-dist/tex/latex/keystroke/keystroke.sty
Package: keystroke 2010/04/23 v1.6 3D keystrokes (SuSE GmbH/RN)
\suse@key=\box60
\keystroke@left=\box61
\keystroke@right=\box62
\keystroke@middle=\box63
<keystroke_left.pdf, id=1, 42.1575pt x 195.73125pt>
File: keystroke_left.pdf Graphic file (type pdf)
<use keystroke_left.pdf>
Package pdftex.def Info: keystroke_left.pdf  used on input line 171.
(pdftex.def)             Requested size: 42.15738pt x 195.73076pt.
<keystroke_middle.pdf, id=2, 116.435pt x 195.73125pt>
File: keystroke_middle.pdf Graphic file (type pdf)
<use keystroke_middle.pdf>
Package pdftex.def Info: keystroke_middle.pdf  used on input line 172.
(pdftex.def)             Requested size: 116.43471pt x 195.73076pt.
<keystroke_right.pdf, id=3, 42.1575pt x 195.73125pt>
File: keystroke_right.pdf Graphic file (type pdf)
<use keystroke_right.pdf>
Package pdftex.def Info: keystroke_right.pdf  used on input line 173.
(pdftex.def)             Requested size: 42.15738pt x 195.73076pt.
)
(/usr/local/texlive/2024/texmf-dist/tex/latex/pgf/utilities/pgfkeys.sty
(/usr/local/texlive/2024/texmf-dist/tex/generic/pgf/utilities/pgfkeys.code.tex
\pgfkeys@pathtoks=\toks27
\pgfkeys@temptoks=\toks28

(/usr/local/texlive/2024/texmf-dist/tex/generic/pgf/utilities/pgfkeyslibraryfil
tered.code.tex
\pgfkeys@tmptoks=\toks29
)))
(/usr/local/texlive/2024/texmf-dist/tex/latex/fontawesome5/fontawesome5.sty
(/usr/local/texlive/2024/texmf-dist/tex/latex/l3kernel/expl3.sty
Package: expl3 2024-02-20 L3 programming layer (loader) 

(/usr/local/texlive/2024/texmf-dist/tex/latex/l3backend/l3backend-pdftex.def
File: l3backend-pdftex.def 2024-02-20 L3 backend support: PDF output (pdfTeX)
\l__color_backend_stack_int=\count300
\l__pdf_internal_box=\box64
))
Package: fontawesome5 2022/05/02 v5.15.4 Font Awesome 5

(/usr/local/texlive/2024/texmf-dist/tex/latex/l3packages/l3keys2e/l3keys2e.sty
Package: l3keys2e 2024-02-18 LaTeX2e option processing using LaTeX3 keys
) (/usr/local/texlive/2024/texmf-dist/tex/latex/l3packages/xparse/xparse.sty
Package: xparse 2024-02-18 L3 Experimental document command parser
)
(/usr/local/texlive/2024/texmf-dist/tex/latex/fontawesome5/fontawesome5-generic
-helper.sty
Package: fontawesome5-generic-helper 2022/05/02 v5.15.4 non-uTeX helper for fon
tawesome5

(/usr/local/texlive/2024/texmf-dist/tex/latex/fontawesome5/fontawesome5-mapping
.def))) (/usr/local/texlive/2024/texmf-dist/tex/latex/amsmath/amsmath.sty
Package: amsmath 2023/05/13 v2.17o AMS math features
\@mathmargin=\skip87

For additional information on amsmath, use the `?' option.
(/usr/local/texlive/2024/texmf-dist/tex/latex/amsmath/amstext.sty
Package: amstext 2021/08/26 v2.01 AMS text

(/usr/local/texlive/2024/texmf-dist/tex/latex/amsmath/amsgen.sty
File: amsgen.sty 1999/11/30 v2.0 generic functions
\@emptytoks=\toks30
\ex@=\dimen168
))
(/usr/local/texlive/2024/texmf-dist/tex/latex/amsmath/amsbsy.sty
Package: amsbsy 1999/11/29 v1.2d Bold Symbols
\pmbraise@=\dimen169
)
(/usr/local/texlive/2024/texmf-dist/tex/latex/amsmath/amsopn.sty
Package: amsopn 2022/04/08 v2.04 operator names
)
\inf@bad=\count301
LaTeX Info: Redefining \frac on input line 234.
\uproot@=\count302
\leftroot@=\count303
LaTeX Info: Redefining \overline on input line 399.
LaTeX Info: Redefining \colon on input line 410.
\classnum@=\count304
\DOTSCASE@=\count305
LaTeX Info: Redefining \ldots on input line 496.
LaTeX Info: Redefining \dots on input line 499.
LaTeX Info: Redefining \cdots on input line 620.
\Mathstrutbox@=\box65
\strutbox@=\box66
LaTeX Info: Redefining \big on input line 722.
LaTeX Info: Redefining \Big on input line 723.
LaTeX Info: Redefining \bigg on input line 724.
LaTeX Info: Redefining \Bigg on input line 725.
\big@size=\dimen170
LaTeX Font Info:    Redeclaring font encoding OML on input line 743.
LaTeX Font Info:    Redeclaring font encoding OMS on input line 744.
\macc@depth=\count306
LaTeX Info: Redefining \bmod on input line 905.
LaTeX Info: Redefining \pmod on input line 910.
LaTeX Info: Redefining \smash on input line 940.
LaTeX Info: Redefining \relbar on input line 970.
LaTeX Info: Redefining \Relbar on input line 971.
\c@MaxMatrixCols=\count307
\dotsspace@=\muskip17
\c@parentequation=\count308
\dspbrk@lvl=\count309
\tag@help=\toks31
\row@=\count310
\column@=\count311
\maxfields@=\count312
\andhelp@=\toks32
\eqnshift@=\dimen171
\alignsep@=\dimen172
\tagshift@=\dimen173
\tagwidth@=\dimen174
\totwidth@=\dimen175
\lineht@=\dimen176
\@envbody=\toks33
\multlinegap=\skip88
\multlinetaggap=\skip89
\mathdisplay@stack=\toks34
LaTeX Info: Redefining \[ on input line 2953.
LaTeX Info: Redefining \] on input line 2954.
))
(/usr/local/texlive/2024/texmf-dist/tex/latex/txfonts/txfonts.sty
Package: txfonts 2008/01/22 v3.2.1
LaTeX Font Info:    Redeclaring symbol font `operators' on input line 21.
LaTeX Font Info:    Overwriting symbol font `operators' in version `normal'
(Font)                  OT1/cmbr/m/n --> OT1/txr/m/n on input line 21.
LaTeX Font Info:    Overwriting symbol font `operators' in version `bold'
(Font)                  OT1/cmbr/m/n --> OT1/txr/m/n on input line 21.
LaTeX Font Info:    Overwriting symbol font `operators' in version `bold'
(Font)                  OT1/txr/m/n --> OT1/txr/bx/n on input line 22.
\symitalic=\mathgroup6
LaTeX Font Info:    Overwriting symbol font `italic' in version `bold'
(Font)                  OT1/txr/m/it --> OT1/txr/bx/it on input line 26.
LaTeX Font Info:    Redeclaring math alphabet \mathbf on input line 29.
LaTeX Font Info:    Overwriting math alphabet `\mathbf' in version `normal'
(Font)                  OT1/cmbr/bx/n --> OT1/txr/bx/n on input line 29.
LaTeX Font Info:    Overwriting math alphabet `\mathbf' in version `bold'
(Font)                  OT1/cmbr/bx/n --> OT1/txr/bx/n on input line 29.
LaTeX Font Info:    Redeclaring math alphabet \mathit on input line 30.
LaTeX Font Info:    Overwriting math alphabet `\mathit' in version `normal'
(Font)                  OT1/cmbr/m/sl --> OT1/txr/m/it on input line 30.
LaTeX Font Info:    Overwriting math alphabet `\mathit' in version `bold'
(Font)                  OT1/cmbr/m/sl --> OT1/txr/m/it on input line 30.
LaTeX Font Info:    Overwriting math alphabet `\mathit' in version `bold'
(Font)                  OT1/txr/m/it --> OT1/txr/bx/it on input line 31.
LaTeX Font Info:    Redeclaring math alphabet \mathsf on input line 40.
LaTeX Font Info:    Overwriting math alphabet `\mathsf' in version `normal'
(Font)                  OT1/cmss/m/n --> OT1/txss/m/n on input line 40.
LaTeX Font Info:    Overwriting math alphabet `\mathsf' in version `bold'
(Font)                  OT1/cmss/bx/n --> OT1/txss/m/n on input line 40.
LaTeX Font Info:    Overwriting math alphabet `\mathsf' in version `bold'
(Font)                  OT1/txss/m/n --> OT1/txss/b/n on input line 41.
LaTeX Font Info:    Redeclaring math alphabet \mathtt on input line 50.
LaTeX Font Info:    Overwriting math alphabet `\mathtt' in version `normal'
(Font)                  OT1/cmtl/m/n --> OT1/txtt/m/n on input line 50.
LaTeX Font Info:    Overwriting math alphabet `\mathtt' in version `bold'
(Font)                  OT1/cmtl/m/n --> OT1/txtt/m/n on input line 50.
LaTeX Font Info:    Overwriting math alphabet `\mathtt' in version `bold'
(Font)                  OT1/txtt/m/n --> OT1/txtt/b/n on input line 51.
LaTeX Font Info:    Redeclaring symbol font `letters' on input line 58.
LaTeX Font Info:    Overwriting symbol font `letters' in version `normal'
(Font)                  OML/cmbrm/m/it --> OML/txmi/m/it on input line 58.
LaTeX Font Info:    Overwriting symbol font `letters' in version `bold'
(Font)                  OML/cmbrm/b/it --> OML/txmi/m/it on input line 58.
LaTeX Font Info:    Overwriting symbol font `letters' in version `bold'
(Font)                  OML/txmi/m/it --> OML/txmi/bx/it on input line 59.
\symlettersA=\mathgroup7
LaTeX Font Info:    Overwriting symbol font `lettersA' in version `bold'
(Font)                  U/txmia/m/it --> U/txmia/bx/it on input line 67.
LaTeX Font Info:    Redeclaring math alphabet \mathfrak on input line 70.
LaTeX Font Info:    Redeclaring symbol font `symbols' on input line 77.
LaTeX Font Info:    Overwriting symbol font `symbols' in version `normal'
(Font)                  OMS/cmbrs/m/n --> OMS/txsy/m/n on input line 77.
LaTeX Font Info:    Overwriting symbol font `symbols' in version `bold'
(Font)                  OMS/cmbrs/m/n --> OMS/txsy/m/n on input line 77.
LaTeX Font Info:    Overwriting symbol font `symbols' in version `bold'
(Font)                  OMS/txsy/m/n --> OMS/txsy/bx/n on input line 78.
LaTeX Font Info:    Redeclaring symbol font `AMSa' on input line 93.
LaTeX Font Info:    Overwriting symbol font `AMSa' in version `normal'
(Font)                  U/msa/m/n --> U/txsya/m/n on input line 93.
LaTeX Font Info:    Overwriting symbol font `AMSa' in version `bold'
(Font)                  U/msa/m/n --> U/txsya/m/n on input line 93.
LaTeX Font Info:    Overwriting symbol font `AMSa' in version `bold'
(Font)                  U/txsya/m/n --> U/txsya/bx/n on input line 94.
LaTeX Font Info:    Redeclaring symbol font `AMSb' on input line 102.
LaTeX Font Info:    Overwriting symbol font `AMSb' in version `normal'
(Font)                  U/msb/m/n --> U/txsyb/m/n on input line 102.
LaTeX Font Info:    Overwriting symbol font `AMSb' in version `bold'
(Font)                  U/msb/m/n --> U/txsyb/m/n on input line 102.
LaTeX Font Info:    Overwriting symbol font `AMSb' in version `bold'
(Font)                  U/txsyb/m/n --> U/txsyb/bx/n on input line 103.
\symsymbolsC=\mathgroup8
LaTeX Font Info:    Overwriting symbol font `symbolsC' in version `bold'
(Font)                  U/txsyc/m/n --> U/txsyc/bx/n on input line 113.
LaTeX Font Info:    Redeclaring symbol font `largesymbols' on input line 120.
LaTeX Font Info:    Overwriting symbol font `largesymbols' in version `normal'
(Font)                  OMX/cmex/m/n --> OMX/txex/m/n on input line 120.
LaTeX Font Info:    Overwriting symbol font `largesymbols' in version `bold'
(Font)                  OMX/cmex/m/n --> OMX/txex/m/n on input line 120.
LaTeX Font Info:    Overwriting symbol font `largesymbols' in version `bold'
(Font)                  OMX/txex/m/n --> OMX/txex/bx/n on input line 121.
\symlargesymbolsA=\mathgroup9
LaTeX Font Info:    Overwriting symbol font `largesymbolsA' in version `bold'
(Font)                  U/txexa/m/n --> U/txexa/bx/n on input line 129.
LaTeX Font Info:    Redeclaring math symbol \mathsterling on input line 164.
LaTeX Info: Redefining \not on input line 1043.
)
(./config.tex)
LaTeX Font Info:    Trying to load font information for OT1+txss on input line 
25.
 (/usr/local/texlive/2024/texmf-dist/tex/latex/txfonts/ot1txss.fd
File: ot1txss.fd 2000/12/15 v3.1
)
LaTeX Font Info:    Font shape `OT1/txss/m/n' will be
(Font)              scaled to size 9.49997pt on input line 25.
 (./proyecto.aux
LaTeX Info: Redefining \. on input line 11.
LaTeX Info: Redefining \% on input line 11.
 (./projectCharter.aux) (./1introduccion.aux)
(./2ModeloDelAlcance.aux) (./3ModeloDelNegocio.aux) (./4ModeloDinamico.aux

LaTeX Warning: Label `UCX.introduceDatos' multiply defined.

) (./5ModeloDeInteraccion.aux) (./6Referencias.aux))
\openout1 = `proyecto.aux'.

LaTeX Font Info:    Checking defaults for OML/txmi/m/it on input line 25.
LaTeX Font Info:    Trying to load font information for OML+txmi on input line 
25.

(/usr/local/texlive/2024/texmf-dist/tex/latex/txfonts/omltxmi.fd
File: omltxmi.fd 2000/12/15 v3.1
)
LaTeX Font Info:    ... okay on input line 25.
LaTeX Font Info:    Checking defaults for OMS/txsy/m/n on input line 25.
LaTeX Font Info:    Trying to load font information for OMS+txsy on input line 
25.

(/usr/local/texlive/2024/texmf-dist/tex/latex/txfonts/omstxsy.fd
File: omstxsy.fd 2000/12/15 v3.1
)
LaTeX Font Info:    ... okay on input line 25.
LaTeX Font Info:    Checking defaults for OT1/cmr/m/n on input line 25.
LaTeX Font Info:    ... okay on input line 25.
LaTeX Font Info:    Checking defaults for T1/cmr/m/n on input line 25.
LaTeX Font Info:    ... okay on input line 25.
LaTeX Font Info:    Checking defaults for TS1/cmr/m/n on input line 25.
LaTeX Font Info:    ... okay on input line 25.
LaTeX Font Info:    Checking defaults for OMX/txex/m/n on input line 25.
LaTeX Font Info:    Trying to load font information for OMX+txex on input line 
25.

(/usr/local/texlive/2024/texmf-dist/tex/latex/txfonts/omxtxex.fd
File: omxtxex.fd 2000/12/15 v3.1
)
LaTeX Font Info:    ... okay on input line 25.
LaTeX Font Info:    Checking defaults for U/txexa/m/n on input line 25.
LaTeX Font Info:    Trying to load font information for U+txexa on input line 2
5.

(/usr/local/texlive/2024/texmf-dist/tex/latex/txfonts/utxexa.fd
File: utxexa.fd 2000/12/15 v3.1
)
LaTeX Font Info:    ... okay on input line 25.
LaTeX Font Info:    Checking defaults for PD1/pdf/m/n on input line 25.
LaTeX Font Info:    ... okay on input line 25.
LaTeX Font Info:    Checking defaults for PU/pdf/m/n on input line 25.
LaTeX Font Info:    ... okay on input line 25.
LaTeX Info: Redefining \. on input line 25.
LaTeX Info: Redefining \% on input line 25.

(/usr/local/texlive/2024/texmf-dist/tex/context/base/mkii/supp-pdf.mkii
[Loading MPS to PDF converter (version 2006.09.02).]
\scratchcounter=\count313
\scratchdimen=\dimen177
\scratchbox=\box67
\nofMPsegments=\count314
\nofMParguments=\count315
\everyMPshowfont=\toks35
\MPscratchCnt=\count316
\MPscratchDim=\dimen178
\MPnumerator=\count317
\makeMPintoPDFobject=\count318
\everyMPtoPDFconversion=\toks36
) (/usr/local/texlive/2024/texmf-dist/tex/latex/epstopdf-pkg/epstopdf-base.sty
Package: epstopdf-base 2020-01-24 v2.11 Base part for package epstopdf
Package epstopdf-base Info: Redefining graphics rule for `.eps' on input line 4
85.

(/usr/local/texlive/2024/texmf-dist/tex/latex/latexconfig/epstopdf-sys.cfg
File: epstopdf-sys.cfg 2010/07/13 v1.3 Configuration of (r)epstopdf for TeX Liv
e
))
*geometry* driver: auto-detecting
*geometry* detected driver: pdftex
*geometry* verbose mode - [ preamble ] result:
* driver: pdftex
* paper: <default>
* layout: <same size as paper>
* layoutoffset:(h,v)=(0.0pt,0.0pt)
* modes: twoside 
* h-part:(L,W,R)=(56.9055pt, 500.484pt, 56.9055pt)
* v-part:(T,H,B)=(99.58464pt, 595.8007pt, 99.58464pt)
* \paperwidth=614.295pt
* \paperheight=794.96999pt
* \textwidth=500.484pt
* \textheight=595.8007pt
* \oddsidemargin=-15.36449pt
* \evensidemargin=-15.36449pt
* \topmargin=-47.65834pt
* \headheight=56.9055pt
* \headsep=18.06749pt
* \topskip=10.0pt
* \footskip=25.29494pt
* \marginparwidth=125.0pt
* \marginparsep=7.0pt
* \columnsep=10.0pt
* \skip\footins=9.0pt plus 4.0pt minus 2.0pt
* \hoffset=0.0pt
* \voffset=0.0pt
* \mag=1000
* \@twocolumnfalse
* \@twosidetrue
* \@mparswitchtrue
* \@reversemarginfalse
* (1in=72.27pt=25.4mm, 1cm=28.453pt)

Package hyperref Info: Link coloring ON on input line 25.
(./proyecto.out) (./proyecto.out)
\@outlinefile=\write3
\openout3 = `proyecto.out'.

\c@lstlisting=\count319
LaTeX Font Info:    Font shape `OT1/txss/m/n' will be
(Font)              scaled to size 16.41594pt on input line 31.
LaTeX Font Info:    Font shape `OT1/txss/m/n' will be
(Font)              scaled to size 23.63593pt on input line 31.
LaTeX Font Info:    Font shape `OT1/txss/m/n' will be
(Font)              scaled to size 11.39996pt on input line 31.
LaTeX Font Info:    Trying to load font information for OT1+txr on input line 3
1.

(/usr/local/texlive/2024/texmf-dist/tex/latex/txfonts/ot1txr.fd
File: ot1txr.fd 2000/12/15 v3.1
)
LaTeX Font Info:    Trying to load font information for U+txsya on input line 3
1.

(/usr/local/texlive/2024/texmf-dist/tex/latex/txfonts/utxsya.fd
File: utxsya.fd 2000/12/15 v3.1
)
LaTeX Font Info:    Trying to load font information for U+txsyb on input line 3
1.

(/usr/local/texlive/2024/texmf-dist/tex/latex/txfonts/utxsyb.fd
File: utxsyb.fd 2000/12/15 v3.1
)
LaTeX Font Info:    Trying to load font information for U+txmia on input line 3
1.

(/usr/local/texlive/2024/texmf-dist/tex/latex/txfonts/utxmia.fd
File: utxmia.fd 2000/12/15 v3.1
)
LaTeX Font Info:    Trying to load font information for U+txsyc on input line 3
1.

(/usr/local/texlive/2024/texmf-dist/tex/latex/txfonts/utxsyc.fd
File: utxsyc.fd 2000/12/15 v3.1
)
<theme/PetLife.png, id=224, 376.40625pt x 376.40625pt>
File: theme/PetLife.png Graphic file (type png)
<use theme/PetLife.png>
Package pdftex.def Info: theme/PetLife.png  used on input line 31.
(pdftex.def)             Requested size: 307.16754pt x 307.16754pt.
 [1


{/usr/local/texlive/2024/texmf-var/fonts/map/pdftex/updmap/pdftex.map}{/usr/loc
al/texlive/2024/texmf-dist/fonts/enc/dvips/base/8r.enc} <./theme/PetLife.png (P
NG copy)>]
[2

]
LaTeX Font Info:    Font shape `OT1/txss/m/n' will be
(Font)              scaled to size 13.67995pt on input line 34.
 (./proyecto.toc
LaTeX Info: Redefining \. on input line 1.
LaTeX Info: Redefining \% on input line 1.
LaTeX Font Info:    Font shape `OT1/txss/b/n' will be
(Font)              scaled to size 9.49997pt on input line 2.
LaTeX Font Info:    Font shape `OT1/txss/m/sc' will be
(Font)              scaled to size 9.49997pt on input line 31.
 [1

])
\tf@toc=\write4
\openout4 = `proyecto.toc'.

<theme/headerPar.png, id=296, 75.28125pt x 30.1125pt>
File: theme/headerPar.png Graphic file (type png)
<use theme/headerPar.png>
Package pdftex.def Info: theme/headerPar.png  used on input line 35.
(pdftex.def)             Requested size: 87.50778pt x 35.0pt.
LaTeX Font Info:    Font shape `OT1/txss/m/n' will be
(Font)              scaled to size 7.59998pt on input line 35.
LaTeX Font Info:    Font shape `OT1/txss/m/sc' will be
(Font)              scaled to size 7.59998pt on input line 35.
LaTeX Font Info:    Font shape `OT1/txss/m/n' will be
(Font)              scaled to size 4.74998pt on input line 35.
LaTeX Font Info:    Font shape `OT1/txss/m/it' in size <5> not available
(Font)              Font shape `OT1/txss/m/sl' tried instead on input line 35.
LaTeX Font Info:    Font shape `OT1/txss/m/sl' will be
(Font)              scaled to size 4.74998pt on input line 35.
LaTeX Font Info:    Trying to load font information for U+mvs on input line 35.


(/usr/local/texlive/2024/texmf-dist/tex/latex/marvosym/umvs.fd) [2 <./theme/hea
derPar.png (PNG copy)>] (./proyecto.lof
LaTeX Info: Redefining \. on input line 1.
LaTeX Info: Redefining \% on input line 1.
)
\tf@lof=\write5
\openout5 = `proyecto.lof'.

 [3

]
File: theme/headerPar.png Graphic file (type png)
<use theme/headerPar.png>
Package pdftex.def Info: theme/headerPar.png  used on input line 36.
(pdftex.def)             Requested size: 87.50778pt x 35.0pt.
 [4

] (./proyecto.lot
LaTeX Info: Redefining \. on input line 1.
LaTeX Info: Redefining \% on input line 1.
)
\tf@lot=\write6
\openout6 = `proyecto.lot'.

 [5]
\openout2 = `projectCharter.aux'.


(./projectCharter.tex
File: theme/headerPar.png Graphic file (type png)
<use theme/headerPar.png>
Package pdftex.def Info: theme/headerPar.png  used on input line 11.
(pdftex.def)             Requested size: 87.50778pt x 35.0pt.
 [6


]
LaTeX Font Info:    Trying to load font information for TS1+txss on input line 
29.

(/usr/local/texlive/2024/texmf-dist/tex/latex/txfonts/ts1txss.fd
File: ts1txss.fd 2000/12/15 v3.1
)
LaTeX Font Info:    Font shape `TS1/txss/m/n' will be
(Font)              scaled to size 9.49997pt on input line 29.
<theme/headerInp.png, id=340, 75.28125pt x 30.1125pt>
File: theme/headerInp.png Graphic file (type png)
<use theme/headerInp.png>
Package pdftex.def Info: theme/headerInp.png  used on input line 93.
(pdftex.def)             Requested size: 87.50778pt x 35.0pt.
 [7 <./theme/headerInp.png (PNG copy)>])
File: theme/headerPar.png Graphic file (type png)
<use theme/headerPar.png>
Package pdftex.def Info: theme/headerPar.png  used on input line 38.
(pdftex.def)             Requested size: 87.50778pt x 35.0pt.
 [8]
\openout2 = `1introduccion.aux'.

 (./1introduccion.tex
Cap\'{\i }tulo 1.
LaTeX Font Info:    Font shape `OT1/txss/m/it' in size <10> not available
(Font)              Font shape `OT1/txss/m/sl' tried instead on input line 6.
LaTeX Font Info:    Font shape `OT1/txss/m/sl' will be
(Font)              scaled to size 9.49997pt on input line 6.
LaTeX Font Info:    Font shape `OT1/txss/b/n' will be
(Font)              scaled to size 13.67995pt on input line 11.

pdfTeX warning (ext4): destination with the same identifier (name{page.1}) has 
been already used, duplicate ignored
<to be read again> 
                   \relax 
l.26 E
      l Capítulo 2, correspondiente al modelo del alcance, describe el aná...
<theme/pleca.png, id=352, 1695.33376pt x 243.15843pt>
File: theme/pleca.png Graphic file (type png)
<use theme/pleca.png>
Package pdftex.def Info: theme/pleca.png  used on input line 26.
(pdftex.def)             Requested size: 614.2776pt x 88.10463pt.
[1





 <./theme/pleca.png (PNG copy)>])
File: theme/headerPar.png Graphic file (type png)
<use theme/headerPar.png>
Package pdftex.def Info: theme/headerPar.png  used on input line 46.
(pdftex.def)             Requested size: 87.50778pt x 35.0pt.

pdfTeX warning (ext4): destination with the same identifier (name{page.2}) has 
been already used, duplicate ignored
<to be read again> 
                   \relax 
l.46 \include{1introduccion}
                            
File: theme/pleca.png Graphic file (type png)
<use theme/pleca.png>
Package pdftex.def Info: theme/pleca.png  used on input line 46.
(pdftex.def)             Requested size: 614.2776pt x 88.10463pt.
 [2]
\openout2 = `2ModeloDelAlcance.aux'.

 (./2ModeloDelAlcance.tex
Cap\'{\i }tulo 2.
LaTeX Font Info:    Font shape `OT1/txss/b/n' will be
(Font)              scaled to size 11.39996pt on input line 15.
File: theme/pleca.png Graphic file (type png)
<use theme/pleca.png>
Package pdftex.def Info: theme/pleca.png  used on input line 27.
(pdftex.def)             Requested size: 614.2776pt x 88.10463pt.
[3




]
LaTeX Font Info:    Font shape `OT1/txss/m/n' will be
(Font)              scaled to size 6.64998pt on input line 31.
LaTeX Font Info:    Font shape `OT1/txss/m/n' will be
(Font)              scaled to size 5.69998pt on input line 31.

Underfull \hbox (badness 2538) in paragraph at lines 35--35
[]|\OT1/txss/m/n/10 Gesti[]on De-fi-cien-te de
 []

File: theme/headerPar.png Graphic file (type png)
<use theme/headerPar.png>
Package pdftex.def Info: theme/headerPar.png  used on input line 58.
(pdftex.def)             Requested size: 87.50778pt x 35.0pt.
File: theme/pleca.png Graphic file (type png)
<use theme/pleca.png>
Package pdftex.def Info: theme/pleca.png  used on input line 58.
(pdftex.def)             Requested size: 614.2776pt x 88.10463pt.
[4]
File: theme/headerInp.png Graphic file (type png)
<use theme/headerInp.png>
Package pdftex.def Info: theme/headerInp.png  used on input line 98.
(pdftex.def)             Requested size: 87.50778pt x 35.0pt.
File: theme/pleca.png Graphic file (type png)
<use theme/pleca.png>
Package pdftex.def Info: theme/pleca.png  used on input line 98.
(pdftex.def)             Requested size: 614.2776pt x 88.10463pt.
 [5]
<images/gant.png, id=391, 7588.35pt x 4838.075pt>
File: images/gant.png Graphic file (type png)
<use images/gant.png>
Package pdftex.def Info: images/gant.png  used on input line 127.
(pdftex.def)             Requested size: 7588.33162pt x 4838.06326pt.
<images/organigramaCircular.png, id=393, 496.254pt x 496.254pt>
File: images/organigramaCircular.png Graphic file (type png)
<use images/organigramaCircular.png>
Package pdftex.def Info: images/organigramaCircular.png  used on input line 150
.
(pdftex.def)             Requested size: 400.38872pt x 400.3885pt.
File: theme/headerPar.png Graphic file (type png)
<use theme/headerPar.png>
Package pdftex.def Info: theme/headerPar.png  used on input line 158.
(pdftex.def)             Requested size: 87.50778pt x 35.0pt.
File: theme/pleca.png Graphic file (type png)
<use theme/pleca.png>
Package pdftex.def Info: theme/pleca.png  used on input line 158.
(pdftex.def)             Requested size: 614.2776pt x 88.10463pt.
 [6]
File: theme/headerInp.png Graphic file (type png)
<use theme/headerInp.png>
Package pdftex.def Info: theme/headerInp.png  used on input line 158.
(pdftex.def)             Requested size: 87.50778pt x 35.0pt.
File: theme/pleca.png Graphic file (type png)
<use theme/pleca.png>
Package pdftex.def Info: theme/pleca.png  used on input line 158.
(pdftex.def)             Requested size: 614.2776pt x 88.10463pt.
 [7 <./images/gant.png>]
File: theme/headerPar.png Graphic file (type png)
<use theme/headerPar.png>
Package pdftex.def Info: theme/headerPar.png  used on input line 158.
(pdftex.def)             Requested size: 87.50778pt x 35.0pt.
File: theme/pleca.png Graphic file (type png)
<use theme/pleca.png>
Package pdftex.def Info: theme/pleca.png  used on input line 158.
(pdftex.def)             Requested size: 614.2776pt x 88.10463pt.
 [8 <./images/organigramaCircular.png (PNG copy)>]
<images/mapa.jpg, id=407, 640.3925pt x 480.79625pt>
File: images/mapa.jpg Graphic file (type jpg)
<use images/mapa.jpg>
Package pdftex.def Info: images/mapa.jpg  used on input line 168.
(pdftex.def)             Requested size: 400.38872pt x 300.60695pt.
File: theme/headerInp.png Graphic file (type png)
<use theme/headerInp.png>
Package pdftex.def Info: theme/headerInp.png  used on input line 179.
(pdftex.def)             Requested size: 87.50778pt x 35.0pt.
File: theme/pleca.png Graphic file (type png)
<use theme/pleca.png>
Package pdftex.def Info: theme/pleca.png  used on input line 179.
(pdftex.def)             Requested size: 614.2776pt x 88.10463pt.
 [9 <./images/mapa.jpg>]
LaTeX Font Info:    Font shape `OT1/txss/b/n' will be
(Font)              scaled to size 7.59998pt on input line 179.

Overfull \hbox (5.88156pt too wide) in paragraph at lines 183--183
[]|\OT1/txss/m/n/10 Iter.[]| 
 []


Underfull \hbox (badness 1460) in paragraph at lines 183--183
[]|\OT1/txss/m/n/10 Registro de pa-cien-
 []


Overfull \hbox (2.03964pt too wide) in paragraph at lines 183--183
[]|\OT1/txss/b/n/10 TODO[]| 
 []


Overfull \hbox (2.03964pt too wide) in paragraph at lines 184--184
[]|\OT1/txss/b/n/10 TODO[]| 
 []


Overfull \hbox (2.03964pt too wide) in paragraph at lines 185--185
[]|\OT1/txss/b/n/10 TODO[]| 
 []


Overfull \hbox (2.03964pt too wide) in paragraph at lines 186--186
[]|\OT1/txss/b/n/10 TODO[]| 
 []


Underfull \hbox (badness 2556) in paragraph at lines 189--189
[]|\OT1/txss/m/n/10 Asignaci[]on de con-
 []


Overfull \hbox (2.03964pt too wide) in paragraph at lines 189--189
[]|\OT1/txss/b/n/10 TODO[]| 
 []


Overfull \hbox (2.03964pt too wide) in paragraph at lines 190--190
[]|\OT1/txss/b/n/10 TODO[]| 
 []


Overfull \hbox (2.03964pt too wide) in paragraph at lines 191--191
[]|\OT1/txss/b/n/10 TODO[]| 
 []


Overfull \hbox (2.03964pt too wide) in paragraph at lines 192--192
[]|\OT1/txss/b/n/10 TODO[]| 
 []


Overfull \hbox (2.03964pt too wide) in paragraph at lines 193--193
[]|\OT1/txss/b/n/10 TODO[]| 
 []


Overfull \hbox (2.03964pt too wide) in paragraph at lines 194--194
[]|\OT1/txss/b/n/10 TODO[]| 
 []


Underfull \hbox (badness 10000) in paragraph at lines 195--195
[]|\OT1/txss/m/n/10 Cancelaci[]on au-
 []


Overfull \hbox (2.03964pt too wide) in paragraph at lines 195--195
[]|\OT1/txss/b/n/10 TODO[]| 
 []


Overfull \hbox (2.03964pt too wide) in paragraph at lines 196--196
[]|\OT1/txss/b/n/10 TODO[]| 
 []


Underfull \hbox (badness 10000) in paragraph at lines 199--199
[]|\OT1/txss/m/n/10 Gesti[]on de tur-nos
 []


Overfull \hbox (2.03964pt too wide) in paragraph at lines 199--199
[]|\OT1/txss/b/n/10 TODO[]| 
 []


Underfull \hbox (badness 10000) in paragraph at lines 200--200
[]|\OT1/txss/m/n/10 Manejo de tur-nos ma-tu-tino (8:00{15:00) y ves-per-tino
 []


Overfull \hbox (2.03964pt too wide) in paragraph at lines 200--200
[]|\OT1/txss/b/n/10 TODO[]| 
 []


Underfull \hbox (badness 10000) in paragraph at lines 203--203
[]|\OT1/txss/m/n/10 Compatibilidad tec-
 []


Overfull \hbox (2.03964pt too wide) in paragraph at lines 203--203
[]|\OT1/txss/b/n/10 TODO[]| 
 []


Overfull \hbox (2.03964pt too wide) in paragraph at lines 204--204
[]|\OT1/txss/b/n/10 TODO[]| 
 []


Underfull \hbox (badness 10000) in paragraph at lines 205--205
[]|\OT1/txss/m/n/10 Disponibilidad del
 []


Overfull \hbox (2.03964pt too wide) in paragraph at lines 205--205
[]|\OT1/txss/b/n/10 TODO[]| 
 []


Overfull \hbox (2.03964pt too wide) in paragraph at lines 206--206
[]|\OT1/txss/b/n/10 TODO[]| 
 []


Overfull \hbox (2.03964pt too wide) in paragraph at lines 207--207
[]|\OT1/txss/b/n/10 TODO[]| 
 []


Overfull \hbox (2.03964pt too wide) in paragraph at lines 208--208
[]|\OT1/txss/b/n/10 TODO[]| 
 []


Overfull \hbox (2.03964pt too wide) in paragraph at lines 209--209
[]|\OT1/txss/b/n/10 TODO[]| 
 []


Overfull \hbox (2.03964pt too wide) in paragraph at lines 210--210
[]|\OT1/txss/b/n/10 TODO[]| 
 []


Overfull \hbox (2.03964pt too wide) in paragraph at lines 213--213
[]|\OT1/txss/b/n/10 TODO[]| 
 []


Underfull \hbox (badness 2781) in paragraph at lines 214--214
[]|\OT1/txss/m/n/10 Priorizaci[]on por ur-
 []


Overfull \hbox (2.03964pt too wide) in paragraph at lines 214--214
[]|\OT1/txss/b/n/10 TODO[]| 
 []


Overfull \hbox (2.03964pt too wide) in paragraph at lines 215--215
[]|\OT1/txss/b/n/10 TODO[]| 
 []


Overfull \hbox (2.03964pt too wide) in paragraph at lines 216--216
[]|\OT1/txss/b/n/10 TODO[]| 
 []

File: theme/headerPar.png Graphic file (type png)
<use theme/headerPar.png>
Package pdftex.def Info: theme/headerPar.png  used on input line 217.
(pdftex.def)             Requested size: 87.50778pt x 35.0pt.
File: theme/pleca.png Graphic file (type png)
<use theme/pleca.png>
Package pdftex.def Info: theme/pleca.png  used on input line 217.
(pdftex.def)             Requested size: 614.2776pt x 88.10463pt.
[10])
File: theme/headerInp.png Graphic file (type png)
<use theme/headerInp.png>
Package pdftex.def Info: theme/headerInp.png  used on input line 49.
(pdftex.def)             Requested size: 87.50778pt x 35.0pt.
File: theme/pleca.png Graphic file (type png)
<use theme/pleca.png>
Package pdftex.def Info: theme/pleca.png  used on input line 49.
(pdftex.def)             Requested size: 614.2776pt x 88.10463pt.
 [11]
\openout2 = `3ModeloDelNegocio.aux'.

 (./3ModeloDelNegocio.tex
File: theme/headerPar.png Graphic file (type png)
<use theme/headerPar.png>
Package pdftex.def Info: theme/headerPar.png  used on input line 4.
(pdftex.def)             Requested size: 87.50778pt x 35.0pt.
File: theme/pleca.png Graphic file (type png)
<use theme/pleca.png>
Package pdftex.def Info: theme/pleca.png  used on input line 4.
(pdftex.def)             Requested size: 614.2776pt x 88.10463pt.
 [12




]
Cap\'{\i }tulo 3.
<images/modeloDelDominioDelProblema.png, id=437, 1762.4244pt x 1340.8494pt>
File: images/modeloDelDominioDelProblema.png Graphic file (type png)
<use images/modeloDelDominioDelProblema.png>
Package pdftex.def Info: images/modeloDelDominioDelProblema.png  used on input 
line 45.
(pdftex.def)             Requested size: 1762.42012pt x 1340.84613pt.

LaTeX Warning: Float too large for page by 63.71478pt on input line 49.

<cdt/images/classRule.png, id=438, 1930.5726pt x 130.086pt>
File: cdt/images/classRule.png Graphic file (type png)
<use cdt/images/classRule.png>
Package pdftex.def Info: cdt/images/classRule.png  used on input line 51.
(pdftex.def)             Requested size: 500.484pt x 33.7223pt.
File: theme/pleca.png Graphic file (type png)
<use theme/pleca.png>
Package pdftex.def Info: theme/pleca.png  used on input line 51.
(pdftex.def)             Requested size: 614.2776pt x 88.10463pt.
[13]
File: theme/headerPar.png Graphic file (type png)
<use theme/headerPar.png>
Package pdftex.def Info: theme/headerPar.png  used on input line 51.
(pdftex.def)             Requested size: 87.50778pt x 35.0pt.
File: theme/pleca.png Graphic file (type png)
<use theme/pleca.png>
Package pdftex.def Info: theme/pleca.png  used on input line 51.
(pdftex.def)             Requested size: 614.2776pt x 88.10463pt.
 [14 <./images/modeloDelDominioDelProblema.png>]
Overfull \hbox (3.92613pt too wide) in paragraph at lines 51--51
[]|\OT1/txss/m/n/10 Requerido| 
 []

File: cdt/images/classRule.png Graphic file (type png)
<use cdt/images/classRule.png>
Package pdftex.def Info: cdt/images/classRule.png  used on input line 75.
(pdftex.def)             Requested size: 500.484pt x 33.7223pt.

Overfull \hbox (3.92613pt too wide) in paragraph at lines 75--75
[]|\OT1/txss/m/n/10 Requerido| 
 []

File: theme/headerInp.png Graphic file (type png)
<use theme/headerInp.png>
Package pdftex.def Info: theme/headerInp.png  used on input line 83.
(pdftex.def)             Requested size: 87.50778pt x 35.0pt.
File: theme/pleca.png Graphic file (type png)
<use theme/pleca.png>
Package pdftex.def Info: theme/pleca.png  used on input line 83.
(pdftex.def)             Requested size: 614.2776pt x 88.10463pt.
[15 <./cdt/images/classRule.png>] (./3-1-reglas.tex
LaTeX Font Info:    Trying to load font information for U+fontawesomefree2 on i
nput line 12.

(/usr/local/texlive/2024/texmf-dist/tex/latex/fontawesome5/ufontawesomefree2.fd
)
LaTeX Font Info:    Trying to load font information for U+fontawesomefree1 on i
nput line 12.

(/usr/local/texlive/2024/texmf-dist/tex/latex/fontawesome5/ufontawesomefree1.fd
)
LaTeX Font Info:    Trying to load font information for U+fontawesomefree0 on i
nput line 12.

(/usr/local/texlive/2024/texmf-dist/tex/latex/fontawesome5/ufontawesomefree0.fd
)
Overfull \hbox (2.5624pt too wide) in paragraph at lines 12--12
[] 
 []

))
File: theme/headerPar.png Graphic file (type png)
<use theme/headerPar.png>
Package pdftex.def Info: theme/headerPar.png  used on input line 52.
(pdftex.def)             Requested size: 87.50778pt x 35.0pt.
File: theme/pleca.png Graphic file (type png)
<use theme/pleca.png>
Package pdftex.def Info: theme/pleca.png  used on input line 52.
(pdftex.def)             Requested size: 614.2776pt x 88.10463pt.
 [16{/usr/local/texlive/2024/texmf-dist/fonts/enc/dvips/fontawesome5/fa5free2.e
nc}{/usr/local/texlive/2024/texmf-dist/fonts/enc/dvips/fontawesome5/fa5free1.en
c}{/usr/local/texlive/2024/texmf-dist/fonts/enc/dvips/fontawesome5/fa5free0.enc
}]
\openout2 = `4ModeloDinamico.aux'.

 (./4ModeloDinamico.tex
Cap\'{\i }tulo 4.
<images/casosDeUso.png, id=508, 726.5544pt x 370.0224pt>
File: images/casosDeUso.png Graphic file (type png)
<use images/casosDeUso.png>
Package pdftex.def Info: images/casosDeUso.png  used on input line 13.
(pdftex.def)             Requested size: 400.38872pt x 203.9138pt.
<images/casosDeUsoDetalle.png, id=509, 1653.0558pt x 995.3988pt>
File: images/casosDeUsoDetalle.png Graphic file (type png)
<use images/casosDeUsoDetalle.png>
Package pdftex.def Info: images/casosDeUsoDetalle.png  used on input line 21.
(pdftex.def)             Requested size: 1653.05179pt x 995.39638pt.

LaTeX Warning: Float too large for page by 20.5961pt on input line 25.

File: theme/pleca.png Graphic file (type png)
<use theme/pleca.png>
Package pdftex.def Info: theme/pleca.png  used on input line 32.
(pdftex.def)             Requested size: 614.2776pt x 88.10463pt.
[17




 <./images/casosDeUso.png>]
File: theme/headerPar.png Graphic file (type png)
<use theme/headerPar.png>
Package pdftex.def Info: theme/headerPar.png  used on input line 32.
(pdftex.def)             Requested size: 87.50778pt x 35.0pt.
File: theme/pleca.png Graphic file (type png)
<use theme/pleca.png>
Package pdftex.def Info: theme/pleca.png  used on input line 32.
(pdftex.def)             Requested size: 614.2776pt x 88.10463pt.
 [18 <./images/casosDeUsoDetalle.png>]
<cdt/images/actorRule.png, id=520, 1401.0744pt x 130.086pt>
File: cdt/images/actorRule.png Graphic file (type png)
<use cdt/images/actorRule.png>
Package pdftex.def Info: cdt/images/actorRule.png  used on input line 32.
(pdftex.def)             Requested size: 500.484pt x 46.46767pt.
File: cdt/images/actorRule.png Graphic file (type png)
<use cdt/images/actorRule.png>
Package pdftex.def Info: cdt/images/actorRule.png  used on input line 60.
(pdftex.def)             Requested size: 500.484pt x 46.46767pt.
File: theme/headerInp.png Graphic file (type png)
<use theme/headerInp.png>
Package pdftex.def Info: theme/headerInp.png  used on input line 76.
(pdftex.def)             Requested size: 87.50778pt x 35.0pt.
File: theme/pleca.png Graphic file (type png)
<use theme/pleca.png>
Package pdftex.def Info: theme/pleca.png  used on input line 76.
(pdftex.def)             Requested size: 614.2776pt x 88.10463pt.
 [19 <./cdt/images/actorRule.png>]
File: cdt/images/actorRule.png Graphic file (type png)
<use cdt/images/actorRule.png>
Package pdftex.def Info: cdt/images/actorRule.png  used on input line 102.
(pdftex.def)             Requested size: 500.484pt x 46.46767pt.
File: theme/headerPar.png Graphic file (type png)
<use theme/headerPar.png>
Package pdftex.def Info: theme/headerPar.png  used on input line 123.
(pdftex.def)             Requested size: 87.50778pt x 35.0pt.
File: theme/pleca.png Graphic file (type png)
<use theme/pleca.png>
Package pdftex.def Info: theme/pleca.png  used on input line 123.
(pdftex.def)             Requested size: 614.2776pt x 88.10463pt.
 [20]
pdfTeX warning (ext4): destination with the same identifier (name{Alumno}) has 
been already used, duplicate ignored
<to be read again> 
                   \relax 
l.143 	}
        
File: cdt/images/actorRule.png Graphic file (type png)
<use cdt/images/actorRule.png>
Package pdftex.def Info: cdt/images/actorRule.png  used on input line 143.
(pdftex.def)             Requested size: 500.484pt x 46.46767pt.
 (./cu/cu-template-corto.tex
File: theme/headerInp.png Graphic file (type png)
<use theme/headerInp.png>
Package pdftex.def Info: theme/headerInp.png  used on input line 10.
(pdftex.def)             Requested size: 87.50778pt x 35.0pt.
File: theme/pleca.png Graphic file (type png)
<use theme/pleca.png>
Package pdftex.def Info: theme/pleca.png  used on input line 10.
(pdftex.def)             Requested size: 614.2776pt x 88.10463pt.
 [21]
<cdt/images/cuRule.png, id=539, 926.46124pt x 57.21375pt>
File: cdt/images/cuRule.png Graphic file (type png)
<use cdt/images/cuRule.png>
Package pdftex.def Info: cdt/images/cuRule.png  used on input line 10.
(pdftex.def)             Requested size: 550.53545pt x 33.9985pt.

Overfull \hbox (50.05145pt too wide) in paragraph at lines 10--10
[][] 
 []

<cdt/images/iu.png, id=544, 61.22874pt x 55.20625pt>
File: cdt/images/iu.png Graphic file (type png)
<use cdt/images/iu.png>
Package pdftex.def Info: cdt/images/iu.png  used on input line 45.
(pdftex.def)             Requested size: 11.09076pt x 10.0pt.

LaTeX Warning: Reference `UC1.etiqueta' on page 22 undefined on input line 68.


Underfull \hbox (badness 10000) in paragraph at lines 86--86

 []

<cdt/images/actor.png, id=546, 96.36pt x 74.2775pt>
File: cdt/images/actor.png Graphic file (type png)
<use cdt/images/actor.png>
Package pdftex.def Info: cdt/images/actor.png  used on input line 91.
(pdftex.def)             Requested size: 14.26958pt x 11.0pt.
<cdt/images/usecase.png, id=547, 91.34125pt x 61.22874pt>
File: cdt/images/usecase.png Graphic file (type png)
<use cdt/images/usecase.png>
Package pdftex.def Info: cdt/images/usecase.png  used on input line 91.
(pdftex.def)             Requested size: 16.40865pt x 11.0pt.
File: cdt/images/actor.png Graphic file (type png)
<use cdt/images/actor.png>
Package pdftex.def Info: cdt/images/actor.png  used on input line 92.
(pdftex.def)             Requested size: 14.26958pt x 11.0pt.
File: cdt/images/usecase.png Graphic file (type png)
<use cdt/images/usecase.png>
Package pdftex.def Info: cdt/images/usecase.png  used on input line 94.
(pdftex.def)             Requested size: 16.40865pt x 11.0pt.
File: cdt/images/iu.png Graphic file (type png)
<use cdt/images/iu.png>
Package pdftex.def Info: cdt/images/iu.png  used on input line 94.
(pdftex.def)             Requested size: 11.09076pt x 10.0pt.
File: theme/headerPar.png Graphic file (type png)
<use theme/headerPar.png>
Package pdftex.def Info: theme/headerPar.png  used on input line 96.
(pdftex.def)             Requested size: 87.50778pt x 35.0pt.
File: theme/pleca.png Graphic file (type png)
<use theme/pleca.png>
Package pdftex.def Info: theme/pleca.png  used on input line 96.
(pdftex.def)             Requested size: 614.2776pt x 88.10463pt.
[22 <./cdt/images/cuRule.png> <./cdt/images/iu.png> <./cdt/images/actor.png> <.
/cdt/images/usecase.png>]
File: cdt/images/actor.png Graphic file (type png)
<use cdt/images/actor.png>
Package pdftex.def Info: cdt/images/actor.png  used on input line 96.
(pdftex.def)             Requested size: 14.26958pt x 11.0pt.
File: cdt/images/actor.png Graphic file (type png)
<use cdt/images/actor.png>
Package pdftex.def Info: cdt/images/actor.png  used on input line 98.
(pdftex.def)             Requested size: 14.26958pt x 11.0pt.
File: cdt/images/usecase.png Graphic file (type png)
<use cdt/images/usecase.png>
Package pdftex.def Info: cdt/images/usecase.png  used on input line 100.
(pdftex.def)             Requested size: 16.40865pt x 11.0pt.
LaTeX Font Info:    Trying to load font information for U+fontawesomefree3 on i
nput line 100.

(/usr/local/texlive/2024/texmf-dist/tex/latex/fontawesome5/ufontawesomefree3.fd
)
File: cdt/images/usecase.png Graphic file (type png)
<use cdt/images/usecase.png>
Package pdftex.def Info: cdt/images/usecase.png  used on input line 102.
(pdftex.def)             Requested size: 16.40865pt x 11.0pt.
File: cdt/images/usecase.png Graphic file (type png)
<use cdt/images/usecase.png>
Package pdftex.def Info: cdt/images/usecase.png  used on input line 104.
(pdftex.def)             Requested size: 16.40865pt x 11.0pt.
File: cdt/images/usecase.png Graphic file (type png)
<use cdt/images/usecase.png>
Package pdftex.def Info: cdt/images/usecase.png  used on input line 108.
(pdftex.def)             Requested size: 16.40865pt x 11.0pt.
File: cdt/images/iu.png Graphic file (type png)
<use cdt/images/iu.png>
Package pdftex.def Info: cdt/images/iu.png  used on input line 108.
(pdftex.def)             Requested size: 11.09076pt x 10.0pt.
LaTeX Font Info:    Font shape `OT1/txss/m/n' will be
(Font)              scaled to size 8.54997pt on input line 114.
LaTeX Font Info:    Font shape `OT1/txss/b/n' will be
(Font)              scaled to size 8.54997pt on input line 114.
File: cdt/images/usecase.png Graphic file (type png)
<use cdt/images/usecase.png>
Package pdftex.def Info: cdt/images/usecase.png  used on input line 115.
(pdftex.def)             Requested size: 16.40865pt x 11.0pt.


LaTeX Warning: Reference `CUX.etiqueta' on page 23 undefined on input line 137.



LaTeX Warning: Reference `CUX.etiqueta' on page 23 undefined on input line 137.


) (./cu/cu-template-largo.tex
File: theme/headerInp.png Graphic file (type png)
<use theme/headerInp.png>
Package pdftex.def Info: theme/headerInp.png  used on input line 10.
(pdftex.def)             Requested size: 87.50778pt x 35.0pt.
File: theme/pleca.png Graphic file (type png)
<use theme/pleca.png>
Package pdftex.def Info: theme/pleca.png  used on input line 10.
(pdftex.def)             Requested size: 614.2776pt x 88.10463pt.
 [23{/usr/local/texlive/2024/texmf-dist/fonts/enc/dvips/fontawesome5/fa5free3.e
nc} </usr/local/texlive/2024/texmf-dist/tex/latex/keystroke/keystroke_left.pdf>
 </usr/local/texlive/2024/texmf-dist/tex/latex/keystroke/keystroke_middle.pdf> 
</usr/local/texlive/2024/texmf-dist/tex/latex/keystroke/keystroke_right.pdf>]
pdfTeX warning (ext4): destination with the same identifier (name{CUX}) has bee
n already used, duplicate ignored
<to be read again> 
                   \relax 
l.10 }
      
File: cdt/images/cuRule.png Graphic file (type png)
<use cdt/images/cuRule.png>
Package pdftex.def Info: cdt/images/cuRule.png  used on input line 10.
(pdftex.def)             Requested size: 550.53545pt x 33.9985pt.

Overfull \hbox (50.05145pt too wide) in paragraph at lines 10--10
[] 
 []

File: cdt/images/iu.png Graphic file (type png)
<use cdt/images/iu.png>
Package pdftex.def Info: cdt/images/iu.png  used on input line 82.
(pdftex.def)             Requested size: 11.09076pt x 10.0pt.

Underfull \hbox (badness 10000) in paragraph at lines 103--103
[]|\OT1/txss/b/n/10 Condici[]on de
 []


Underfull \hbox (badness 10000) in paragraph at lines 109--109
[]|\OT1/txss/b/n/10 Efectos co-la-te-ra-
 []


pdfTeX warning (ext4): destination with the same identifier (name{CUX.E1}) has 
been already used, duplicate ignored
<to be read again> 
                   \relax 
l.128 	}
        

LaTeX Warning: Reference `UC1.etiqueta' on page 24 undefined on input line 128.



pdfTeX warning (ext4): destination with the same identifier (name{CUX.E2}) has 
been already used, duplicate ignored
<to be read again> 
                   \relax 
l.128 	}
        
pdfTeX warning (ext4): destination with the same identifier (name{CUX.E1}) has 
been already used, duplicate ignored
<to be read again> 
                   \relax 
l.140 	}
        

LaTeX Warning: Reference `UC1.etiqueta' on page 24 undefined on input line 140.



pdfTeX warning (ext4): destination with the same identifier (name{CUX.E2}) has 
been already used, duplicate ignored
<to be read again> 
                   \relax 
l.140 	}
        
Underfull \hbox (badness 10000) in paragraph at lines 146--146
[]|\OT1/txss/b/n/10 Consideraciones
 []


pdfTeX warning (ext4): destination with the same identifier (name{CUX.E1}) has 
been already used, duplicate ignored
<to be read again> 
                   \relax 
l.152 	}
        \UCitem{Preguntas}{

LaTeX Warning: Reference `UC1.etiqueta' on page 24 undefined on input line 152.



pdfTeX warning (ext4): destination with the same identifier (name{CUX.E2}) has 
been already used, duplicate ignored
<to be read again> 
                   \relax 
l.152 	}
        \UCitem{Preguntas}{
File: theme/headerPar.png Graphic file (type png)
<use theme/headerPar.png>
Package pdftex.def Info: theme/headerPar.png  used on input line 168.
(pdftex.def)             Requested size: 87.50778pt x 35.0pt.
File: theme/pleca.png Graphic file (type png)
<use theme/pleca.png>
Package pdftex.def Info: theme/pleca.png  used on input line 168.
(pdftex.def)             Requested size: 614.2776pt x 88.10463pt.
 [24]
Underfull \hbox (badness 10000) in paragraph at lines 171--171

 []

File: cdt/images/actor.png Graphic file (type png)
<use cdt/images/actor.png>
Package pdftex.def Info: cdt/images/actor.png  used on input line 176.
(pdftex.def)             Requested size: 14.26958pt x 11.0pt.
File: cdt/images/usecase.png Graphic file (type png)
<use cdt/images/usecase.png>
Package pdftex.def Info: cdt/images/usecase.png  used on input line 178.
(pdftex.def)             Requested size: 16.40865pt x 11.0pt.
File: cdt/images/iu.png Graphic file (type png)
<use cdt/images/iu.png>
Package pdftex.def Info: cdt/images/iu.png  used on input line 178.
(pdftex.def)             Requested size: 11.09076pt x 10.0pt.
File: cdt/images/actor.png Graphic file (type png)
<use cdt/images/actor.png>
Package pdftex.def Info: cdt/images/actor.png  used on input line 180.
(pdftex.def)             Requested size: 14.26958pt x 11.0pt.
File: cdt/images/actor.png Graphic file (type png)
<use cdt/images/actor.png>
Package pdftex.def Info: cdt/images/actor.png  used on input line 182.
(pdftex.def)             Requested size: 14.26958pt x 11.0pt.
File: cdt/images/usecase.png Graphic file (type png)
<use cdt/images/usecase.png>
Package pdftex.def Info: cdt/images/usecase.png  used on input line 184.
(pdftex.def)             Requested size: 16.40865pt x 11.0pt.
File: cdt/images/usecase.png Graphic file (type png)
<use cdt/images/usecase.png>
Package pdftex.def Info: cdt/images/usecase.png  used on input line 186.
(pdftex.def)             Requested size: 16.40865pt x 11.0pt.
File: cdt/images/usecase.png Graphic file (type png)
<use cdt/images/usecase.png>
Package pdftex.def Info: cdt/images/usecase.png  used on input line 188.
(pdftex.def)             Requested size: 16.40865pt x 11.0pt.
File: cdt/images/usecase.png Graphic file (type png)
<use cdt/images/usecase.png>
Package pdftex.def Info: cdt/images/usecase.png  used on input line 192.
(pdftex.def)             Requested size: 16.40865pt x 11.0pt.
File: cdt/images/iu.png Graphic file (type png)
<use cdt/images/iu.png>
Package pdftex.def Info: cdt/images/iu.png  used on input line 192.
(pdftex.def)             Requested size: 11.09076pt x 10.0pt.
File: theme/headerInp.png Graphic file (type png)
<use theme/headerInp.png>
Package pdftex.def Info: theme/headerInp.png  used on input line 193.
(pdftex.def)             Requested size: 87.50778pt x 35.0pt.
File: theme/pleca.png Graphic file (type png)
<use theme/pleca.png>
Package pdftex.def Info: theme/pleca.png  used on input line 193.
(pdftex.def)             Requested size: 614.2776pt x 88.10463pt.
[25]
File: cdt/images/usecase.png Graphic file (type png)
<use cdt/images/usecase.png>
Package pdftex.def Info: cdt/images/usecase.png  used on input line 199.
(pdftex.def)             Requested size: 16.40865pt x 11.0pt.


LaTeX Warning: Reference `CUX.etiqueta' on page 26 undefined on input line 221.



LaTeX Warning: Reference `CUX.etiqueta' on page 26 undefined on input line 221.


))
File: theme/headerPar.png Graphic file (type png)
<use theme/headerPar.png>
Package pdftex.def Info: theme/headerPar.png  used on input line 55.
(pdftex.def)             Requested size: 87.50778pt x 35.0pt.
File: theme/pleca.png Graphic file (type png)
<use theme/pleca.png>
Package pdftex.def Info: theme/pleca.png  used on input line 55.
(pdftex.def)             Requested size: 614.2776pt x 88.10463pt.
 [26]
\openout2 = `5ModeloDeInteraccion.aux'.

 (./5ModeloDeInteraccion.tex
Cap\'{\i }tulo 5.

Underfull \hbox (badness 10000) in paragraph at lines 16--17

 []

File: images/mapa.jpg Graphic file (type jpg)
<use images/mapa.jpg>
Package pdftex.def Info: images/mapa.jpg  used on input line 20.
(pdftex.def)             Requested size: 350.33727pt x 263.03017pt.
(./iu/iu-template.tex
File: cdt/images/iu.png Graphic file (type png)
<use cdt/images/iu.png>
Package pdftex.def Info: cdt/images/iu.png  used on input line 9.
(pdftex.def)             Requested size: 11.09076pt x 10.0pt.
<images/Login.png, id=649, 354.32375pt x 252.945pt>
File: images/Login.png Graphic file (type png)
<use images/Login.png>
Package pdftex.def Info: images/Login.png  used on input line 11.
(pdftex.def)             Requested size: 350.33727pt x 250.10368pt.
File: theme/pleca.png Graphic file (type png)
<use theme/pleca.png>
Package pdftex.def Info: theme/pleca.png  used on input line 20.
(pdftex.def)             Requested size: 614.2776pt x 88.10463pt.
 [27




]
File: cdt/images/iu.png Graphic file (type png)
<use cdt/images/iu.png>
Package pdftex.def Info: cdt/images/iu.png  used on input line 34.
(pdftex.def)             Requested size: 11.09076pt x 10.0pt.
File: cdt/images/iu.png Graphic file (type png)
<use cdt/images/iu.png>
Package pdftex.def Info: cdt/images/iu.png  used on input line 35.
(pdftex.def)             Requested size: 11.09076pt x 10.0pt.
) (./5-1-Mensajes.tex
File: theme/headerPar.png Graphic file (type png)
<use theme/headerPar.png>
Package pdftex.def Info: theme/headerPar.png  used on input line 9.
(pdftex.def)             Requested size: 87.50778pt x 35.0pt.
File: theme/pleca.png Graphic file (type png)
<use theme/pleca.png>
Package pdftex.def Info: theme/pleca.png  used on input line 9.
(pdftex.def)             Requested size: 614.2776pt x 88.10463pt.
 [28]
File: theme/headerInp.png Graphic file (type png)
<use theme/headerInp.png>
Package pdftex.def Info: theme/headerInp.png  used on input line 24.
(pdftex.def)             Requested size: 87.50778pt x 35.0pt.
File: theme/pleca.png Graphic file (type png)
<use theme/pleca.png>
Package pdftex.def Info: theme/pleca.png  used on input line 24.
(pdftex.def)             Requested size: 614.2776pt x 88.10463pt.
 [29 <./images/Login.png>]
File: theme/headerPar.png Graphic file (type png)
<use theme/headerPar.png>
Package pdftex.def Info: theme/headerPar.png  used on input line 99.
(pdftex.def)             Requested size: 87.50778pt x 35.0pt.
File: theme/pleca.png Graphic file (type png)
<use theme/pleca.png>
Package pdftex.def Info: theme/pleca.png  used on input line 99.
(pdftex.def)             Requested size: 614.2776pt x 88.10463pt.

[30]))
File: theme/headerInp.png Graphic file (type png)
<use theme/headerInp.png>
Package pdftex.def Info: theme/headerInp.png  used on input line 58.
(pdftex.def)             Requested size: 87.50778pt x 35.0pt.
File: theme/pleca.png Graphic file (type png)
<use theme/pleca.png>
Package pdftex.def Info: theme/pleca.png  used on input line 58.
(pdftex.def)             Requested size: 614.2776pt x 88.10463pt.
 [31]
\openout2 = `6Referencias.aux'.

 (./6Referencias.tex
File: theme/headerPar.png Graphic file (type png)
<use theme/headerPar.png>
Package pdftex.def Info: theme/headerPar.png  used on input line 4.
(pdftex.def)             Requested size: 87.50778pt x 35.0pt.
File: theme/pleca.png Graphic file (type png)
<use theme/pleca.png>
Package pdftex.def Info: theme/pleca.png  used on input line 4.
(pdftex.def)             Requested size: 614.2776pt x 88.10463pt.
 [32




]
File: theme/pleca.png Graphic file (type png)
<use theme/pleca.png>
Package pdftex.def Info: theme/pleca.png  used on input line 7.
(pdftex.def)             Requested size: 614.2776pt x 88.10463pt.
 [33]
File: theme/headerPar.png Graphic file (type png)
<use theme/headerPar.png>
Package pdftex.def Info: theme/headerPar.png  used on input line 7.
(pdftex.def)             Requested size: 87.50778pt x 35.0pt.
File: theme/pleca.png Graphic file (type png)
<use theme/pleca.png>
Package pdftex.def Info: theme/pleca.png  used on input line 7.
(pdftex.def)             Requested size: 614.2776pt x 88.10463pt.
 [34

]
LaTeX Font Info:    Trying to load font information for OT1+txtt on input line 
14.

(/usr/local/texlive/2024/texmf-dist/tex/latex/txfonts/ot1txtt.fd
File: ot1txtt.fd 2000/12/15 v3.1
))
File: theme/pleca.png Graphic file (type png)
<use theme/pleca.png>
Package pdftex.def Info: theme/pleca.png  used on input line 61.
(pdftex.def)             Requested size: 614.2776pt x 88.10463pt.
 [35]
(./proyecto.aux
LaTeX Info: Redefining \. on input line 11.
LaTeX Info: Redefining \% on input line 11.
 (./projectCharter.aux) (./1introduccion.aux)
(./2ModeloDelAlcance.aux) (./3ModeloDelNegocio.aux) (./4ModeloDinamico.aux)
(./5ModeloDeInteraccion.aux) (./6Referencias.aux))
 ***********
LaTeX2e <2023-11-01> patch level 1
L3 programming layer <2024-02-20>
 ***********


LaTeX Warning: There were undefined references.


LaTeX Warning: There were multiply-defined labels.

Package rerunfilecheck Info: File `proyecto.out' has not changed.
(rerunfilecheck)             Checksum: 46BE2D1BDA7FA8CCAF4F0A0BE8FD304C;9362.
 ) 
Here is how much of TeX's memory you used:
 20040 strings out of 474116
 337158 string characters out of 5743683
 1978187 words of memory out of 5000000
 41771 multiletter control sequences out of 15000+600000
 620138 words of font info for 164 fonts, out of 8000000 for 9000
 1141 hyphenation exceptions out of 8191
 105i,16n,107p,682b,785s stack positions out of 10000i,1000n,20000p,200000b,200000s

pdfTeX warning (dest): name{Usuario.login} has been referenced but does not exi
st, replaced by a fixed one


pdfTeX warning (dest): name{Usuario.nombre} has been referenced but does not ex
ist, replaced by a fixed one


pdfTeX warning (dest): name{IU50} has been referenced but does not exist, repla
ced by a fixed one


pdfTeX warning (dest): name{UI32} has been referenced but does not exist, repla
ced by a fixed one


pdfTeX warning (dest): name{CU3.4} has been referenced but does not exist, repl
aced by a fixed one


pdfTeX warning (dest): name{MSG1} has been referenced but does not exist, repla
ced by a fixed one


pdfTeX warning (dest): name{CUY.B} has been referenced but does not exist, repl
aced by a fixed one


pdfTeX warning (dest): name{CUY.A} has been referenced but does not exist, repl
aced by a fixed one


pdfTeX warning (dest): name{CUZ} has been referenced but does not exist, replac
ed by a fixed one


pdfTeX warning (dest): name{IU2} has been referenced but does not exist, replac
ed by a fixed one


pdfTeX warning (dest): name{CUY} has been referenced but does not exist, replac
ed by a fixed one


pdfTeX warning (dest): name{CUX.B} has been referenced but does not exist, repl
aced by a fixed one


pdfTeX warning (dest): name{CUX.E3} has been referenced but does not exist, rep
laced by a fixed one


pdfTeX warning (dest): name{CUX.A} has been referenced but does not exist, repl
aced by a fixed one


pdfTeX warning (dest): name{IU1} has been referenced but does not exist, replac
ed by a fixed one


pdfTeX warning (dest): name{IUX} has been referenced but does not exist, replac
ed by a fixed one


pdfTeX warning (dest): name{Entidad.Atributo} has been referenced but does not 
exist, replaced by a fixed one


pdfTeX warning (dest): name{IdDelActor} has been referenced but does not exist,
 replaced by a fixed one


pdfTeX warning (dest): name{CUCE3.3} has been referenced but does not exist, re
placed by a fixed one


pdfTeX warning (dest): name{CUCE3.2} has been referenced but does not exist, re
placed by a fixed one


pdfTeX warning (dest): name{Pais} has been referenced but does not exist, repla
ced by a fixed one


pdfTeX warning (dest): name{Curso} has been referenced but does not exist, repl
aced by a fixed one


pdfTeX warning (dest): name{Domicilio} has been referenced but does not exist, 
replaced by a fixed one

</usr/local/texlive/2024/texmf-dist/fonts/type1/public/fontawesome5/FontAwesome
5Free-Solid.pfb></usr/local/texlive/2024/texmf-dist/fonts/type1/public/marvosym
/marvosym.pfb></usr/local/texlive/2024/texmf-dist/fonts/type1/public/txfonts/rt
cxss.pfb></usr/local/texlive/2024/texmf-dist/fonts/type1/public/txfonts/rtxmi.p
fb></usr/local/texlive/2024/texmf-dist/fonts/type1/public/txfonts/rtxsssc.pfb><
/usr/local/texlive/2024/texmf-dist/fonts/type1/public/txfonts/txsy.pfb></usr/lo
cal/texlive/2024/texmf-dist/fonts/type1/public/txfonts/txsya.pfb></usr/local/te
xlive/2024/texmf-dist/fonts/type1/public/txfonts/txsyc.pfb></usr/local/texlive/
2024/texmf-dist/fonts/type1/public/txfonts/txtt.pfb></usr/local/texlive/2024/te
xmf-dist/fonts/type1/urw/helvetic/uhvb8a.pfb></usr/local/texlive/2024/texmf-dis
t/fonts/type1/urw/helvetic/uhvr8a.pfb></usr/local/texlive/2024/texmf-dist/fonts
/type1/urw/helvetic/uhvr8a.pfb></usr/local/texlive/2024/texmf-dist/fonts/type1/
urw/times/utmr8a.pfb>
Output written on proyecto.pdf (45 pages, 5937049 bytes).
PDF statistics:
 826 PDF objects out of 1000 (max. 8388607)
 713 compressed objects within 8 object streams
 206 named destinations out of 1000 (max. 500000)
 533 words of extra memory for PDF output out of 10000 (max. 10000000)

